<?xml version="1.0" encoding="UTF-8"?>
<!-- Generated by org.testng.reporters.JUnitReportReporter -->
<testsuite name="com.shell.markethub.uam.tests.ManageCustomerUserTest" tests="1" time="137.965" ignored="5" failures="1" timestamp="25 Sep 2019 10:16:41 GMT" skipped="0" hostname="BNGECO-L-89144" errors="0">
  <testcase name="verify_search_customer_user" time="137.965" classname="com.shell.markethub.uam.tests.ManageCustomerUserTest">
    <failure type="java.lang.AssertionError" message="The following assertions failed:
	FAILED - Search Customer User Title is displaying expected [true] but found [false],
	FAILED - User List Table is displaying expected [true] but found [false]">
      <![CDATA[java.lang.AssertionError: The following assertions failed:
	FAILED - Search Customer User Title is displaying expected [true] but found [false],
	FAILED - User List Table is displaying expected [true] but found [false]
	at com.shell.markethub.base.util.Assertions.assertAll(Assertions.java:64)
	at com.shell.markethub.base.util.BaseTest.assertAll(BaseTest.java:182)
	at com.shell.markethub.uam.tests.ManageCustomerUserTest.verify_search_customer_user(ManageCustomerUserTest.java:42)
	at sun.reflect.NativeMethodAccessorImpl.invoke0(Native Method)
	at sun.reflect.NativeMethodAccessorImpl.invoke(NativeMethodAccessorImpl.java:62)
	at sun.reflect.DelegatingMethodAccessorImpl.invoke(DelegatingMethodAccessorImpl.java:43)
	at java.lang.reflect.Method.invoke(Method.java:498)
	at org.testng.internal.MethodInvocationHelper.invokeMethod(MethodInvocationHelper.java:104)
	at org.testng.internal.Invoker.invokeMethod(Invoker.java:645)
	at org.testng.internal.Invoker.invokeTestMethod(Invoker.java:851)
	at org.testng.internal.Invoker.invokeTestMethods(Invoker.java:1177)
	at org.testng.internal.TestMethodWorker.invokeTestMethods(TestMethodWorker.java:129)
	at org.testng.internal.TestMethodWorker.run(TestMethodWorker.java:112)
	at org.testng.TestRunner.privateRun(TestRunner.java:756)
	at org.testng.TestRunner.run(TestRunner.java:610)
	at org.testng.SuiteRunner.runTest(SuiteRunner.java:387)
	at org.testng.SuiteRunner.access$000(SuiteRunner.java:39)
	at org.testng.SuiteRunner$SuiteWorker.run(SuiteRunner.java:421)
	at org.testng.internal.thread.ThreadUtil$2.call(ThreadUtil.java:64)
	at java.util.concurrent.FutureTask.run(FutureTask.java:266)
	at java.util.concurrent.ThreadPoolExecutor.runWorker(ThreadPoolExecutor.java:1149)
	at java.util.concurrent.ThreadPoolExecutor$Worker.run(ThreadPoolExecutor.java:624)
	at java.lang.Thread.run(Thread.java:748)
]]>
    </failure>
  </testcase> <!-- verify_search_customer_user -->
  <testcase name="beforeSuite" classname="com.shell.markethub.uam.tests.UAMBaseTest">
    <skipped/>
  </testcase> <!-- beforeSuite -->
  <testcase name="verify_activate_customer_user" classname="com.shell.markethub.uam.tests.ManageCustomerUserTest">
    <skipped/>
  </testcase> <!-- verify_activate_customer_user -->
  <testcase name="verify_update_customer_user" classname="com.shell.markethub.uam.tests.ManageCustomerUserTest">
    <skipped/>
  </testcase> <!-- verify_update_customer_user -->
  <testcase name="verify_deactivate_customer_user" classname="com.shell.markethub.uam.tests.ManageCustomerUserTest">
    <skipped/>
  </testcase> <!-- verify_deactivate_customer_user -->
  <testcase name="verify_impersonate_customer_user" classname="com.shell.markethub.uam.tests.ManageCustomerUserTest">
    <skipped/>
  </testcase> <!-- verify_impersonate_customer_user -->
</testsuite> <!-- com.shell.markethub.uam.tests.ManageCustomerUserTest -->
