<!DOCTYPE html>

<html>
  <head>
  <meta charset='utf-8'>
  <title>TestNG reports</title>

    <link type="text/css" href="testng-reports.css" rel="stylesheet" />  
    <script type="text/javascript" src="jquery-1.7.1.min.js"></script>
    <script type="text/javascript" src="testng-reports.js"></script>
    <script type="text/javascript" src="https://www.google.com/jsapi"></script>
    <script type='text/javascript'>
      google.load('visualization', '1', {packages:['table']});
      google.setOnLoadCallback(drawTable);
      var suiteTableInitFunctions = new Array();
      var suiteTableData = new Array();
    </script>
    <!--
      <script type="text/javascript" src="jquery-ui/js/jquery-ui-1.8.16.custom.min.js"></script>
     -->
  </head>

  <body>
    <div class="top-banner-root">
      <span class="top-banner-title-font">Test results</span>
      <br/>
      <span class="top-banner-font-1">1 suite, 2 failed tests</span>
    </div> <!-- top-banner-root -->
    <div class="navigator-root">
      <div class="navigator-suite-header">
        <span>All suites</span>
        <a href="#" class="collapse-all-link" title="Collapse/expand all the suites">
          <img class="collapse-all-icon" src="collapseall.gif">
          </img> <!-- collapse-all-icon -->
        </a> <!-- collapse-all-link -->
      </div> <!-- navigator-suite-header -->
      <div class="suite">
        <div class="rounded-window">
          <div class="suite-header light-rounded-window-top">
            <a href="#" class="navigator-link" panel-name="suite-You_Tube">
              <span class="suite-name border-failed">You Tube</span>
            </a> <!-- navigator-link -->
          </div> <!-- suite-header light-rounded-window-top -->
          <div class="navigator-suite-content">
            <div class="suite-section-title">
              <span>Info</span>
            </div> <!-- suite-section-title -->
            <div class="suite-section-content">
              <ul>
                <li>
                  <a href="#" class="navigator-link " panel-name="test-xml-You_Tube">
                    <span>C:\Users\m1048663\git\Maven\NewTours_Demo\resources\test.xml</span>
                  </a> <!-- navigator-link  -->
                </li>
                <li>
                  <a href="#" class="navigator-link " panel-name="testlist-You_Tube">
                    <span class="test-stats">2 tests</span>
                  </a> <!-- navigator-link  -->
                </li>
                <li>
                  <a href="#" class="navigator-link " panel-name="group-You_Tube">
                    <span>0 groups</span>
                  </a> <!-- navigator-link  -->
                </li>
                <li>
                  <a href="#" class="navigator-link " panel-name="times-You_Tube">
                    <span>Times</span>
                  </a> <!-- navigator-link  -->
                </li>
                <li>
                  <a href="#" class="navigator-link " panel-name="reporter-You_Tube">
                    <span>Reporter output</span>
                  </a> <!-- navigator-link  -->
                </li>
                <li>
                  <a href="#" class="navigator-link " panel-name="ignored-methods-You_Tube">
                    <span>Ignored methods</span>
                  </a> <!-- navigator-link  -->
                </li>
                <li>
                  <a href="#" class="navigator-link " panel-name="chronological-You_Tube">
                    <span>Chronological view</span>
                  </a> <!-- navigator-link  -->
                </li>
              </ul>
            </div> <!-- suite-section-content -->
            <div class="result-section">
              <div class="suite-section-title">
                <span>Results</span>
              </div> <!-- suite-section-title -->
              <div class="suite-section-content">
                <ul>
                  <li>
                    <span class="method-stats">8 methods, 2 failed,   6 passed</span>
                  </li>
                  <li>
                    <span class="method-list-title failed">Failed methods</span>
                    <span class="show-or-hide-methods failed">
                      <a href="#" panel-name="suite-You_Tube" class="hide-methods failed suite-You_Tube"> (hide)</a> <!-- hide-methods failed suite-You_Tube -->
                      <a href="#" panel-name="suite-You_Tube" class="show-methods failed suite-You_Tube"> (show)</a> <!-- show-methods failed suite-You_Tube -->
                    </span>
                    <div class="method-list-content failed suite-You_Tube">
                      <span>
                        <img width="3%" src="failed.png"/>
                        <a href="#" class="method navigator-link" panel-name="suite-You_Tube" title="com.pack.common.tests.EditProfilePageTest" hash-for-method="verifyEditProfile">verifyEditProfile</a> <!-- method navigator-link -->
                      </span>
                      <br/>
                      <span>
                        <img width="3%" src="failed.png"/>
                        <a href="#" class="method navigator-link" panel-name="suite-You_Tube" title="com.pack.common.tests.FlightConfirmationPageTest" hash-for-method="verifyFlightBooking">verifyFlightBooking</a> <!-- method navigator-link -->
                      </span>
                      <br/>
                    </div> <!-- method-list-content failed suite-You_Tube -->
                  </li>
                  <li>
                    <span class="method-list-title passed">Passed methods</span>
                    <span class="show-or-hide-methods passed">
                      <a href="#" panel-name="suite-You_Tube" class="hide-methods passed suite-You_Tube"> (hide)</a> <!-- hide-methods passed suite-You_Tube -->
                      <a href="#" panel-name="suite-You_Tube" class="show-methods passed suite-You_Tube"> (show)</a> <!-- show-methods passed suite-You_Tube -->
                    </span>
                    <div class="method-list-content passed suite-You_Tube">
                      <span>
                        <img width="3%" src="passed.png"/>
                        <a href="#" class="method navigator-link" panel-name="suite-You_Tube" title="com.pack.common.tests.EditProfilePageTest" hash-for-method="verifyEditProfile">verifyEditProfile</a> <!-- method navigator-link -->
                      </span>
                      <br/>
                      <span>
                        <img width="3%" src="passed.png"/>
                        <a href="#" class="method navigator-link" panel-name="suite-You_Tube" title="com.pack.common.tests.FlightConfirmationPageTest" hash-for-method="verifyFlightBooking">verifyFlightBooking</a> <!-- method navigator-link -->
                      </span>
                      <br/>
                      <span>
                        <img width="3%" src="passed.png"/>
                        <a href="#" class="method navigator-link" panel-name="suite-You_Tube" title="com.pack.common.tests.RegisterPageTest" hash-for-method="verifyRegister">verifyRegister</a> <!-- method navigator-link -->
                      </span>
                      <br/>
                      <span>
                        <img width="3%" src="passed.png"/>
                        <a href="#" class="method navigator-link" panel-name="suite-You_Tube" title="com.pack.common.tests.RegisterPageTest" hash-for-method="verifyRegister">verifyRegister</a> <!-- method navigator-link -->
                      </span>
                      <br/>
                      <span>
                        <img width="3%" src="passed.png"/>
                        <a href="#" class="method navigator-link" panel-name="suite-You_Tube" title="com.pack.common.tests.HomePageTest" hash-for-method="verifySalonTravel">verifySalonTravel</a> <!-- method navigator-link -->
                      </span>
                      <br/>
                      <span>
                        <img width="3%" src="passed.png"/>
                        <a href="#" class="method navigator-link" panel-name="suite-You_Tube" title="com.pack.common.tests.HomePageTest" hash-for-method="verifySalonTravel">verifySalonTravel</a> <!-- method navigator-link -->
                      </span>
                      <br/>
                    </div> <!-- method-list-content passed suite-You_Tube -->
                  </li>
                </ul>
              </div> <!-- suite-section-content -->
            </div> <!-- result-section -->
          </div> <!-- navigator-suite-content -->
        </div> <!-- rounded-window -->
      </div> <!-- suite -->
    </div> <!-- navigator-root -->
    <div class="wrapper">
      <div class="main-panel-root">
        <div panel-name="suite-You_Tube" class="panel You_Tube">
          <div class="suite-You_Tube-class-failed">
            <div class="main-panel-header rounded-window-top">
              <img src="failed.png"/>
              <span class="class-name">com.pack.common.tests.FlightConfirmationPageTest</span>
            </div> <!-- main-panel-header rounded-window-top -->
            <div class="main-panel-content rounded-window-bottom">
              <div class="method">
                <div class="method-content">
                  <a name="verifyFlightBooking">
                  </a> <!-- verifyFlightBooking -->
                  <span class="method-name">verifyFlightBooking</span>
                  <div class="stack-trace">org.openqa.selenium.NoSuchElementException: no such element: Unable to locate element: {&quot;method&quot;:&quot;xpath&quot;,&quot;selector&quot;:&quot;//select[@name=&apos;passCount&apos;]&quot;}
  (Session info: chrome=71.0.3578.80)
  (Driver info: chromedriver=2.35.528161 (5b82f2d2aae0ca24b877009200ced9065a772e73),platform=Windows NT 10.0.16299 x86_64) (WARNING: The server did not provide any stacktrace information)
Command duration or timeout: 30.05 seconds
For documentation on this error, please visit: http://seleniumhq.org/exceptions/no_such_element.html
Build info: version: &apos;3.0.1&apos;, revision: &apos;1969d75&apos;, time: &apos;2016-10-18 09:49:13 -0700&apos;
System info: host: &apos;c1ml16461&apos;, ip: &apos;172.25.236.215&apos;, os.name: &apos;Windows 10&apos;, os.arch: &apos;amd64&apos;, os.version: &apos;10.0&apos;, java.version: &apos;1.8.0_181&apos;
Driver info: org.openqa.selenium.chrome.ChromeDriver
Capabilities [{applicationCacheEnabled=false, rotatable=false, mobileEmulationEnabled=false, networkConnectionEnabled=false, chrome={chromedriverVersion=2.35.528161 (5b82f2d2aae0ca24b877009200ced9065a772e73), userDataDir=C:\Users\m1048663\AppData\Local\Temp\scoped_dir15292_7937}, takesHeapSnapshot=true, pageLoadStrategy=normal, databaseEnabled=false, handlesAlerts=true, hasTouchScreen=false, version=71.0.3578.80, platform=XP, browserConnectionEnabled=false, nativeEvents=true, acceptSslCerts=false, acceptInsecureCerts=false, locationContextEnabled=true, webStorageEnabled=true, browserName=chrome, takesScreenshot=true, javascriptEnabled=true, cssSelectorsEnabled=true, setWindowRect=true, unexpectedAlertBehaviour=}]
Session ID: 08d6cbbcd4262f8e73d1eae534eaf5a2
*** Element info: {Using=xpath, value=//select[@name=&apos;passCount&apos;]}
	at org.openqa.selenium.remote.ErrorHandler.createThrowable(ErrorHandler.java:216)
	at org.openqa.selenium.remote.ErrorHandler.throwIfResponseFailed(ErrorHandler.java:168)
	at org.openqa.selenium.remote.RemoteWebDriver.execute(RemoteWebDriver.java:635)
	at org.openqa.selenium.remote.RemoteWebDriver.findElement(RemoteWebDriver.java:368)
	at org.openqa.selenium.remote.RemoteWebDriver.findElementByXPath(RemoteWebDriver.java:473)
	at org.openqa.selenium.By$ByXPath.findElement(By.java:361)
	at org.openqa.selenium.remote.RemoteWebDriver.findElement(RemoteWebDriver.java:360)
	at com.pack.functionlibrary.FunctionLibrary.selectDropDown(FunctionLibrary.java:149)
	at com.pack.common.pageobjects.FlightFinderPage.selectPassengers(FlightFinderPage.java:42)
	at com.pack.common.tests.FlightConfirmationPageTest.verifyFlightBooking(FlightConfirmationPageTest.java:36)
	at java.util.concurrent.FutureTask.run(FutureTask.java:266)
	at java.util.concurrent.ThreadPoolExecutor.runWorker(ThreadPoolExecutor.java:1149)
	at java.util.concurrent.ThreadPoolExecutor$Worker.run(ThreadPoolExecutor.java:624)
	at java.lang.Thread.run(Thread.java:748)
... Removed 20 stack frames
</div> <!-- stack-trace -->
                  <em>
(Verify the Functionality Of Flight Booking)                  </em>
                </div> <!-- method-content -->
              </div> <!-- method -->
            </div> <!-- main-panel-content rounded-window-bottom -->
          </div> <!-- suite-You_Tube-class-failed -->
          <div class="suite-You_Tube-class-failed">
            <div class="main-panel-header rounded-window-top">
              <img src="failed.png"/>
              <span class="class-name">com.pack.common.tests.EditProfilePageTest</span>
            </div> <!-- main-panel-header rounded-window-top -->
            <div class="main-panel-content rounded-window-bottom">
              <div class="method">
                <div class="method-content">
                  <a name="verifyEditProfile">
                  </a> <!-- verifyEditProfile -->
                  <span class="method-name">verifyEditProfile</span>
                  <div class="stack-trace">org.openqa.selenium.NoSuchElementException: No such element (WARNING: The server did not provide any stacktrace information)
Command duration or timeout: 30.00 seconds
For documentation on this error, please visit: http://seleniumhq.org/exceptions/no_such_element.html
Build info: version: &apos;3.0.1&apos;, revision: &apos;1969d75&apos;, time: &apos;2016-10-18 09:49:13 -0700&apos;
System info: host: &apos;c1ml16461&apos;, ip: &apos;172.25.236.215&apos;, os.name: &apos;Windows 10&apos;, os.arch: &apos;amd64&apos;, os.version: &apos;10.0&apos;, java.version: &apos;1.8.0_181&apos;
Driver info: org.openqa.selenium.edge.EdgeDriver
Capabilities [{applicationCacheEnabled=true, InPrivate=false, pageLoadStrategy=normal, platform=ANY, acceptSslCerts=true, browserVersion=41.16299.785.0, platformVersion=10, locationContextEnabled=true, webStorageEnabled=true, browserName=MicrosoftEdge, takesScreenshot=true, takesElementScreenshot=true, platformName=windows}]
Session ID: 0E84DF6F-CEDE-4DC4-A240-2580A9A2B3F6
*** Element info: {Using=xpath, value=//input[@name=&apos;firstName&apos;]}
	at org.openqa.selenium.remote.ErrorHandler.createThrowable(ErrorHandler.java:216)
	at org.openqa.selenium.remote.ErrorHandler.throwIfResponseFailed(ErrorHandler.java:168)
	at org.openqa.selenium.remote.RemoteWebDriver.execute(RemoteWebDriver.java:635)
	at org.openqa.selenium.remote.RemoteWebDriver.findElement(RemoteWebDriver.java:368)
	at org.openqa.selenium.remote.RemoteWebDriver.findElementByXPath(RemoteWebDriver.java:473)
	at org.openqa.selenium.By$ByXPath.findElement(By.java:361)
	at org.openqa.selenium.remote.RemoteWebDriver.findElement(RemoteWebDriver.java:360)
	at com.pack.functionlibrary.FunctionLibrary.setValue(FunctionLibrary.java:133)
	at com.pack.common.pageobjects.EditProfilePage.enterFirstName(EditProfilePage.java:24)
	at com.pack.common.tests.EditProfilePageTest.verifyEditProfile(EditProfilePageTest.java:34)
	at java.util.concurrent.FutureTask.run(FutureTask.java:266)
	at java.util.concurrent.ThreadPoolExecutor.runWorker(ThreadPoolExecutor.java:1149)
	at java.util.concurrent.ThreadPoolExecutor$Worker.run(ThreadPoolExecutor.java:624)
	at java.lang.Thread.run(Thread.java:748)
... Removed 20 stack frames
</div> <!-- stack-trace -->
                  <em>
(Verify the Edit Profile Functionality)                  </em>
                </div> <!-- method-content -->
              </div> <!-- method -->
            </div> <!-- main-panel-content rounded-window-bottom -->
          </div> <!-- suite-You_Tube-class-failed -->
          <div class="suite-You_Tube-class-passed">
            <div class="main-panel-header rounded-window-top">
              <img src="passed.png"/>
              <span class="class-name">com.pack.common.tests.HomePageTest</span>
            </div> <!-- main-panel-header rounded-window-top -->
            <div class="main-panel-content rounded-window-bottom">
              <div class="method">
                <div class="method-content">
                  <a name="verifySalonTravel">
                  </a> <!-- verifySalonTravel -->
                  <span class="method-name">verifySalonTravel</span>
                  <em>
(Salon Travel)                  </em>
                </div> <!-- method-content -->
              </div> <!-- method -->
              <div class="method">
                <div class="method-content">
                  <a name="verifySalonTravel">
                  </a> <!-- verifySalonTravel -->
                  <span class="method-name">verifySalonTravel</span>
                  <em>
(Salon Travel)                  </em>
                </div> <!-- method-content -->
              </div> <!-- method -->
            </div> <!-- main-panel-content rounded-window-bottom -->
          </div> <!-- suite-You_Tube-class-passed -->
          <div class="suite-You_Tube-class-passed">
            <div class="main-panel-header rounded-window-top">
              <img src="passed.png"/>
              <span class="class-name">com.pack.common.tests.RegisterPageTest</span>
            </div> <!-- main-panel-header rounded-window-top -->
            <div class="main-panel-content rounded-window-bottom">
              <div class="method">
                <div class="method-content">
                  <a name="verifyRegister">
                  </a> <!-- verifyRegister -->
                  <span class="method-name">verifyRegister</span>
                  <em>
(Verify the Functionality Of Registration)                  </em>
                </div> <!-- method-content -->
              </div> <!-- method -->
              <div class="method">
                <div class="method-content">
                  <a name="verifyRegister">
                  </a> <!-- verifyRegister -->
                  <span class="method-name">verifyRegister</span>
                  <em>
(Verify the Functionality Of Registration)                  </em>
                </div> <!-- method-content -->
              </div> <!-- method -->
            </div> <!-- main-panel-content rounded-window-bottom -->
          </div> <!-- suite-You_Tube-class-passed -->
          <div class="suite-You_Tube-class-passed">
            <div class="main-panel-header rounded-window-top">
              <img src="passed.png"/>
              <span class="class-name">com.pack.common.tests.FlightConfirmationPageTest</span>
            </div> <!-- main-panel-header rounded-window-top -->
            <div class="main-panel-content rounded-window-bottom">
              <div class="method">
                <div class="method-content">
                  <a name="verifyFlightBooking">
                  </a> <!-- verifyFlightBooking -->
                  <span class="method-name">verifyFlightBooking</span>
                  <em>
(Verify the Functionality Of Flight Booking)                  </em>
                </div> <!-- method-content -->
              </div> <!-- method -->
            </div> <!-- main-panel-content rounded-window-bottom -->
          </div> <!-- suite-You_Tube-class-passed -->
          <div class="suite-You_Tube-class-passed">
            <div class="main-panel-header rounded-window-top">
              <img src="passed.png"/>
              <span class="class-name">com.pack.common.tests.EditProfilePageTest</span>
            </div> <!-- main-panel-header rounded-window-top -->
            <div class="main-panel-content rounded-window-bottom">
              <div class="method">
                <div class="method-content">
                  <a name="verifyEditProfile">
                  </a> <!-- verifyEditProfile -->
                  <span class="method-name">verifyEditProfile</span>
                  <em>
(Verify the Edit Profile Functionality)                  </em>
                </div> <!-- method-content -->
              </div> <!-- method -->
            </div> <!-- main-panel-content rounded-window-bottom -->
          </div> <!-- suite-You_Tube-class-passed -->
        </div> <!-- panel You_Tube -->
        <div panel-name="test-xml-You_Tube" class="panel">
          <div class="main-panel-header rounded-window-top">
            <span class="header-content">C:\Users\m1048663\git\Maven\NewTours_Demo\resources\test.xml</span>
          </div> <!-- main-panel-header rounded-window-top -->
          <div class="main-panel-content rounded-window-bottom">
            <pre>
&lt;?xml version=&quot;1.0&quot; encoding=&quot;UTF-8&quot;?&gt;
&lt;!DOCTYPE suite SYSTEM &quot;http://testng.org/testng-1.0.dtd&quot;&gt;
&lt;suite thread-count=&quot;10&quot; guice-stage=&quot;DEVELOPMENT&quot; name=&quot;You Tube&quot; parallel=&quot;tests&quot;&gt;
  &lt;listeners&gt;
    &lt;listener class-name=&quot;com.pack.utils.Listeners.TestListener&quot;/&gt;
  &lt;/listeners&gt;
  &lt;test name=&quot;chrome&quot;&gt;
    &lt;parameter name=&quot;appURL&quot; value=&quot;http://newtours.demoaut.com/&quot;/&gt;
    &lt;parameter name=&quot;browserType&quot; value=&quot;chrome&quot;/&gt;
    &lt;classes&gt;
      &lt;class name=&quot;com.pack.common.tests.FlightConfirmationPageTest&quot;&gt;
        &lt;methods&gt;
          &lt;include name=&quot;verifyFlightBooking&quot;/&gt;
        &lt;/methods&gt;
      &lt;/class&gt; &lt;!-- com.pack.common.tests.FlightConfirmationPageTest --&gt;
      &lt;class name=&quot;com.pack.common.tests.EditProfilePageTest&quot;&gt;
        &lt;methods&gt;
          &lt;include name=&quot;verifyEditProfile&quot;/&gt;
        &lt;/methods&gt;
      &lt;/class&gt; &lt;!-- com.pack.common.tests.EditProfilePageTest --&gt;
      &lt;class name=&quot;com.pack.common.tests.HomePageTest&quot;&gt;
        &lt;methods&gt;
          &lt;include name=&quot;verifySalonTravel&quot;/&gt;
        &lt;/methods&gt;
      &lt;/class&gt; &lt;!-- com.pack.common.tests.HomePageTest --&gt;
      &lt;class name=&quot;com.pack.common.tests.RegisterPageTest&quot;&gt;
        &lt;methods&gt;
          &lt;include name=&quot;verifyRegister&quot;/&gt;
        &lt;/methods&gt;
      &lt;/class&gt; &lt;!-- com.pack.common.tests.RegisterPageTest --&gt;
    &lt;/classes&gt;
  &lt;/test&gt; &lt;!-- chrome --&gt;
  &lt;test name=&quot;edge&quot;&gt;
    &lt;parameter name=&quot;appURL&quot; value=&quot;http://newtours.demoaut.com/&quot;/&gt;
    &lt;parameter name=&quot;browserType&quot; value=&quot;edge&quot;/&gt;
    &lt;classes&gt;
      &lt;class name=&quot;com.pack.common.tests.FlightConfirmationPageTest&quot;&gt;
        &lt;methods&gt;
          &lt;include name=&quot;verifyFlightBooking&quot;/&gt;
        &lt;/methods&gt;
      &lt;/class&gt; &lt;!-- com.pack.common.tests.FlightConfirmationPageTest --&gt;
      &lt;class name=&quot;com.pack.common.tests.EditProfilePageTest&quot;&gt;
        &lt;methods&gt;
          &lt;include name=&quot;verifyEditProfile&quot;/&gt;
        &lt;/methods&gt;
      &lt;/class&gt; &lt;!-- com.pack.common.tests.EditProfilePageTest --&gt;
      &lt;class name=&quot;com.pack.common.tests.HomePageTest&quot;&gt;
        &lt;methods&gt;
          &lt;include name=&quot;verifySalonTravel&quot;/&gt;
        &lt;/methods&gt;
      &lt;/class&gt; &lt;!-- com.pack.common.tests.HomePageTest --&gt;
      &lt;class name=&quot;com.pack.common.tests.RegisterPageTest&quot;&gt;
        &lt;methods&gt;
          &lt;include name=&quot;verifyRegister&quot;/&gt;
        &lt;/methods&gt;
      &lt;/class&gt; &lt;!-- com.pack.common.tests.RegisterPageTest --&gt;
    &lt;/classes&gt;
  &lt;/test&gt; &lt;!-- edge --&gt;
&lt;/suite&gt; &lt;!-- You Tube --&gt;
            </pre>
          </div> <!-- main-panel-content rounded-window-bottom -->
        </div> <!-- panel -->
        <div panel-name="testlist-You_Tube" class="panel">
          <div class="main-panel-header rounded-window-top">
            <span class="header-content">Tests for You Tube</span>
          </div> <!-- main-panel-header rounded-window-top -->
          <div class="main-panel-content rounded-window-bottom">
            <ul>
              <li>
                <span class="test-name">chrome (4 classes)</span>
              </li>
              <li>
                <span class="test-name">edge (4 classes)</span>
              </li>
            </ul>
          </div> <!-- main-panel-content rounded-window-bottom -->
        </div> <!-- panel -->
        <div panel-name="group-You_Tube" class="panel">
          <div class="main-panel-header rounded-window-top">
            <span class="header-content">Groups for You Tube</span>
          </div> <!-- main-panel-header rounded-window-top -->
          <div class="main-panel-content rounded-window-bottom">
          </div> <!-- main-panel-content rounded-window-bottom -->
        </div> <!-- panel -->
        <div panel-name="times-You_Tube" class="panel">
          <div class="main-panel-header rounded-window-top">
            <span class="header-content">Times for You Tube</span>
          </div> <!-- main-panel-header rounded-window-top -->
          <div class="main-panel-content rounded-window-bottom">
            <div class="times-div">
              <script type="text/javascript">
suiteTableInitFunctions.push('tableData_You_Tube');
function tableData_You_Tube() {
var data = new google.visualization.DataTable();
data.addColumn('number', 'Number');
data.addColumn('string', 'Method');
data.addColumn('string', 'Class');
data.addColumn('number', 'Time (ms)');
data.addRows(8);
data.setCell(0, 0, 0)
data.setCell(0, 1, 'verifyFlightBooking')
data.setCell(0, 2, 'com.pack.common.tests.FlightConfirmationPageTest')
data.setCell(0, 3, 63440);
data.setCell(1, 0, 1)
data.setCell(1, 1, 'verifyEditProfile')
data.setCell(1, 2, 'com.pack.common.tests.EditProfilePageTest')
data.setCell(1, 3, 60765);
data.setCell(2, 0, 2)
data.setCell(2, 1, 'verifyEditProfile')
data.setCell(2, 2, 'com.pack.common.tests.EditProfilePageTest')
data.setCell(2, 3, 19030);
data.setCell(3, 0, 3)
data.setCell(3, 1, 'verifyFlightBooking')
data.setCell(3, 2, 'com.pack.common.tests.FlightConfirmationPageTest')
data.setCell(3, 3, 16971);
data.setCell(4, 0, 4)
data.setCell(4, 1, 'verifyRegister')
data.setCell(4, 2, 'com.pack.common.tests.RegisterPageTest')
data.setCell(4, 3, 12146);
data.setCell(5, 0, 5)
data.setCell(5, 1, 'verifyRegister')
data.setCell(5, 2, 'com.pack.common.tests.RegisterPageTest')
data.setCell(5, 3, 11484);
data.setCell(6, 0, 6)
data.setCell(6, 1, 'verifySalonTravel')
data.setCell(6, 2, 'com.pack.common.tests.HomePageTest')
data.setCell(6, 3, 9592);
data.setCell(7, 0, 7)
data.setCell(7, 1, 'verifySalonTravel')
data.setCell(7, 2, 'com.pack.common.tests.HomePageTest')
data.setCell(7, 3, 255);
window.suiteTableData['You_Tube']= { tableData: data, tableDiv: 'times-div-You_Tube'}
return data;
}
              </script>
              <span class="suite-total-time">Total running time: 3 minutes</span>
              <div id="times-div-You_Tube">
              </div> <!-- times-div-You_Tube -->
            </div> <!-- times-div -->
          </div> <!-- main-panel-content rounded-window-bottom -->
        </div> <!-- panel -->
        <div panel-name="reporter-You_Tube" class="panel">
          <div class="main-panel-header rounded-window-top">
            <span class="header-content">Reporter output for You Tube</span>
          </div> <!-- main-panel-header rounded-window-top -->
          <div class="main-panel-content rounded-window-bottom">
          </div> <!-- main-panel-content rounded-window-bottom -->
        </div> <!-- panel -->
        <div panel-name="ignored-methods-You_Tube" class="panel">
          <div class="main-panel-header rounded-window-top">
            <span class="header-content">2 ignored methods</span>
          </div> <!-- main-panel-header rounded-window-top -->
          <div class="main-panel-content rounded-window-bottom">
            <div class="ignored-class-div">
              <span class="ignored-class-name">com.pack.common.tests.HomePageTest</span>
              <div class="ignored-methods-div">
                <span class="ignored-method-name">verifyLogin</span>
                <br/>
                <span class="ignored-method-name">verifyLogin</span>
                <br/>
              </div> <!-- ignored-methods-div -->
            </div> <!-- ignored-class-div -->
          </div> <!-- main-panel-content rounded-window-bottom -->
        </div> <!-- panel -->
        <div panel-name="chronological-You_Tube" class="panel">
          <div class="main-panel-header rounded-window-top">
            <span class="header-content">Methods in chronological order</span>
          </div> <!-- main-panel-header rounded-window-top -->
          <div class="main-panel-content rounded-window-bottom">
            <div class="chronological-class">
              <div class="chronological-class-name">com.pack.common.tests.FlightConfirmationPageTest</div> <!-- chronological-class-name -->
              <div class="configuration-method before">
                <span class="method-name">initializeTestBaseSetup(edge, http://newtours.demoaut.com/)</span>
                <span class="method-start">0 ms</span>
              </div> <!-- configuration-method before -->
              <div class="configuration-method before">
                <span class="method-name">initializeTestBaseSetup(chrome, http://newtours.demoaut.com/)</span>
                <span class="method-start">0 ms</span>
              </div> <!-- configuration-method before -->
              <div class="configuration-method before">
                <span class="method-name">setUp</span>
                <span class="method-start">7967 ms</span>
              </div> <!-- configuration-method before -->
              <div class="test-method">
                <span class="method-name">verifyFlightBooking</span>
                <span class="method-start">7968 ms</span>
              </div> <!-- test-method -->
              <div class="configuration-method before">
                <span class="method-name">setUp</span>
                <span class="method-start">8915 ms</span>
              </div> <!-- configuration-method before -->
              <div class="test-method">
                <img src="failed.png">
                </img>
                <span class="method-name">verifyFlightBooking</span>
                <span class="method-start">8915 ms</span>
              </div> <!-- test-method -->
              <div class="configuration-method after">
                <span class="method-name">tearDown</span>
                <span class="method-start">25171 ms</span>
              </div> <!-- configuration-method after -->
            </div> <!-- chronological-class -->
            <div class="chronological-class">
              <div class="chronological-class-name">com.pack.common.tests.EditProfilePageTest</div> <!-- chronological-class-name -->
              <div class="configuration-method before">
                <span class="method-name">initializeTestBaseSetup(edge, http://newtours.demoaut.com/)</span>
                <span class="method-start">28333 ms</span>
              </div> <!-- configuration-method before -->
              <div class="configuration-method before">
                <span class="method-name">setUp</span>
                <span class="method-start">33312 ms</span>
              </div> <!-- configuration-method before -->
              <div class="test-method">
                <img src="failed.png">
                </img>
                <span class="method-name">verifyEditProfile</span>
                <span class="method-start">33312 ms</span>
              </div> <!-- test-method -->
            </div> <!-- chronological-class -->
            <div class="chronological-class">
              <div class="chronological-class-name">com.pack.common.tests.FlightConfirmationPageTest</div> <!-- chronological-class-name -->
              <div class="configuration-method after">
                <span class="method-name">tearDown</span>
                <span class="method-start">72715 ms</span>
              </div> <!-- configuration-method after -->
            </div> <!-- chronological-class -->
            <div class="chronological-class">
              <div class="chronological-class-name">com.pack.common.tests.EditProfilePageTest</div> <!-- chronological-class-name -->
              <div class="configuration-method before">
                <span class="method-name">initializeTestBaseSetup(chrome, http://newtours.demoaut.com/)</span>
                <span class="method-start">74151 ms</span>
              </div> <!-- configuration-method before -->
              <div class="configuration-method before">
                <span class="method-name">setUp</span>
                <span class="method-start">80109 ms</span>
              </div> <!-- configuration-method before -->
              <div class="test-method">
                <span class="method-name">verifyEditProfile</span>
                <span class="method-start">80110 ms</span>
              </div> <!-- test-method -->
              <div class="configuration-method after">
                <span class="method-name">tearDown</span>
                <span class="method-start">94422 ms</span>
              </div> <!-- configuration-method after -->
            </div> <!-- chronological-class -->
            <div class="chronological-class">
              <div class="chronological-class-name">com.pack.common.tests.HomePageTest</div> <!-- chronological-class-name -->
              <div class="configuration-method before">
                <span class="method-name">initializeTestBaseSetup(edge, http://newtours.demoaut.com/)</span>
                <span class="method-start">97657 ms</span>
              </div> <!-- configuration-method before -->
            </div> <!-- chronological-class -->
            <div class="chronological-class">
              <div class="chronological-class-name">com.pack.common.tests.EditProfilePageTest</div> <!-- chronological-class-name -->
              <div class="configuration-method after">
                <span class="method-name">tearDown</span>
                <span class="method-start">99888 ms</span>
              </div> <!-- configuration-method after -->
            </div> <!-- chronological-class -->
            <div class="chronological-class">
              <div class="chronological-class-name">com.pack.common.tests.HomePageTest</div> <!-- chronological-class-name -->
              <div class="configuration-method before">
                <span class="method-name">initializeTestBaseSetup(chrome, http://newtours.demoaut.com/)</span>
                <span class="method-start">101604 ms</span>
              </div> <!-- configuration-method before -->
              <div class="configuration-method before">
                <span class="method-name">setUp</span>
                <span class="method-start">102717 ms</span>
              </div> <!-- configuration-method before -->
              <div class="test-method">
                <span class="method-name">verifySalonTravel</span>
                <span class="method-start">102717 ms</span>
              </div> <!-- test-method -->
              <div class="configuration-method after">
                <span class="method-name">tearDown</span>
                <span class="method-start">103201 ms</span>
              </div> <!-- configuration-method after -->
            </div> <!-- chronological-class -->
            <div class="chronological-class">
              <div class="chronological-class-name">com.pack.common.tests.RegisterPageTest</div> <!-- chronological-class-name -->
              <div class="configuration-method before">
                <span class="method-name">initializeTestBaseSetup(edge, http://newtours.demoaut.com/)</span>
                <span class="method-start">106580 ms</span>
              </div> <!-- configuration-method before -->
            </div> <!-- chronological-class -->
            <div class="chronological-class">
              <div class="chronological-class-name">com.pack.common.tests.HomePageTest</div> <!-- chronological-class-name -->
              <div class="configuration-method before">
                <span class="method-name">setUp</span>
                <span class="method-start">109245 ms</span>
              </div> <!-- configuration-method before -->
              <div class="test-method">
                <span class="method-name">verifySalonTravel</span>
                <span class="method-start">109246 ms</span>
              </div> <!-- test-method -->
            </div> <!-- chronological-class -->
            <div class="chronological-class">
              <div class="chronological-class-name">com.pack.common.tests.RegisterPageTest</div> <!-- chronological-class-name -->
              <div class="configuration-method before">
                <span class="method-name">setUp</span>
                <span class="method-start">112817 ms</span>
              </div> <!-- configuration-method before -->
              <div class="test-method">
                <span class="method-name">verifyRegister</span>
                <span class="method-start">112818 ms</span>
              </div> <!-- test-method -->
            </div> <!-- chronological-class -->
            <div class="chronological-class">
              <div class="chronological-class-name">com.pack.common.tests.HomePageTest</div> <!-- chronological-class-name -->
              <div class="configuration-method after">
                <span class="method-name">tearDown</span>
                <span class="method-start">119246 ms</span>
              </div> <!-- configuration-method after -->
            </div> <!-- chronological-class -->
            <div class="chronological-class">
              <div class="chronological-class-name">com.pack.common.tests.RegisterPageTest</div> <!-- chronological-class-name -->
              <div class="configuration-method before">
                <span class="method-name">initializeTestBaseSetup(chrome, http://newtours.demoaut.com/)</span>
                <span class="method-start">120597 ms</span>
              </div> <!-- configuration-method before -->
              <div class="configuration-method after">
                <span class="method-name">tearDown</span>
                <span class="method-start">125200 ms</span>
              </div> <!-- configuration-method after -->
              <div class="configuration-method before">
                <span class="method-name">setUp</span>
                <span class="method-start">126654 ms</span>
              </div> <!-- configuration-method before -->
              <div class="test-method">
                <span class="method-name">verifyRegister</span>
                <span class="method-start">126654 ms</span>
              </div> <!-- test-method -->
              <div class="configuration-method after">
                <span class="method-name">tearDown</span>
                <span class="method-start">138481 ms</span>
              </div> <!-- configuration-method after -->
          </div> <!-- main-panel-content rounded-window-bottom -->
        </div> <!-- panel -->
      </div> <!-- main-panel-root -->
    </div> <!-- wrapper -->
  </body>
</html>
