<?xml version="1.0" encoding="UTF-8"?>
<testng-results skipped="0" failed="2" total="8" passed="6">
  <reporter-output>
  </reporter-output>
  <suite name="You Tube" duration-ms="139743" started-at="2018-12-12T06:51:29Z" finished-at="2018-12-12T06:53:48Z">
    <groups>
    </groups>
    <test name="edge" duration-ms="128509" started-at="2018-12-12T06:51:29Z" finished-at="2018-12-12T06:53:37Z">
      <class name="com.pack.common.tests.RegisterPageTest">
        <test-method status="PASS" signature="initializeTestBaseSetup(java.lang.String, java.lang.String)[pri:0, instance:com.pack.common.tests.RegisterPageTest@57d7f8ca]" name="initializeTestBaseSetup" is-config="true" duration-ms="6237" started-at="2018-12-12T12:23:15Z" finished-at="2018-12-12T12:23:21Z">
          <params>
            <param index="0">
              <value>
                <![CDATA[edge]]>
              </value>
            </param>
            <param index="1">
              <value>
                <![CDATA[http://newtours.demoaut.com/]]>
              </value>
            </param>
          </params>
          <reporter-output>
          </reporter-output>
        </test-method> <!-- initializeTestBaseSetup -->
        <test-method status="PASS" signature="setUp()[pri:0, instance:com.pack.common.tests.RegisterPageTest@57d7f8ca]" name="setUp" is-config="true" duration-ms="1" started-at="2018-12-12T12:23:21Z" finished-at="2018-12-12T12:23:21Z">
          <reporter-output>
          </reporter-output>
        </test-method> <!-- setUp -->
        <test-method status="PASS" signature="verifyRegister()[pri:0, instance:com.pack.common.tests.RegisterPageTest@57d7f8ca]" name="verifyRegister" duration-ms="12146" started-at="2018-12-12T12:23:21Z" description="Verify the Functionality Of Registration" finished-at="2018-12-12T12:23:33Z">
          <reporter-output>
          </reporter-output>
        </test-method> <!-- verifyRegister -->
        <test-method status="PASS" signature="tearDown()[pri:0, instance:com.pack.common.tests.RegisterPageTest@57d7f8ca]" name="tearDown" is-config="true" duration-ms="3299" started-at="2018-12-12T12:23:34Z" finished-at="2018-12-12T12:23:37Z">
          <reporter-output>
          </reporter-output>
        </test-method> <!-- tearDown -->
      </class> <!-- com.pack.common.tests.RegisterPageTest -->
      <class name="com.pack.common.tests.HomePageTest">
        <test-method status="PASS" signature="initializeTestBaseSetup(java.lang.String, java.lang.String)[pri:0, instance:com.pack.common.tests.HomePageTest@6d4e5011]" name="initializeTestBaseSetup" is-config="true" duration-ms="5060" started-at="2018-12-12T12:23:06Z" finished-at="2018-12-12T12:23:11Z">
          <params>
            <param index="0">
              <value>
                <![CDATA[edge]]>
              </value>
            </param>
            <param index="1">
              <value>
                <![CDATA[http://newtours.demoaut.com/]]>
              </value>
            </param>
          </params>
          <reporter-output>
          </reporter-output>
        </test-method> <!-- initializeTestBaseSetup -->
        <test-method status="PASS" signature="verifySalonTravel()[pri:0, instance:com.pack.common.tests.HomePageTest@6d4e5011]" name="verifySalonTravel" duration-ms="255" started-at="2018-12-12T12:23:11Z" description="Salon Travel" finished-at="2018-12-12T12:23:11Z">
          <reporter-output>
          </reporter-output>
        </test-method> <!-- verifySalonTravel -->
        <test-method status="PASS" signature="setUp()[pri:0, instance:com.pack.common.tests.HomePageTest@6d4e5011]" name="setUp" is-config="true" duration-ms="0" started-at="2018-12-12T12:23:11Z" finished-at="2018-12-12T12:23:11Z">
          <reporter-output>
          </reporter-output>
        </test-method> <!-- setUp -->
        <test-method status="PASS" signature="tearDown()[pri:0, instance:com.pack.common.tests.HomePageTest@6d4e5011]" name="tearDown" is-config="true" duration-ms="3379" started-at="2018-12-12T12:23:12Z" finished-at="2018-12-12T12:23:15Z">
          <reporter-output>
          </reporter-output>
        </test-method> <!-- tearDown -->
      </class> <!-- com.pack.common.tests.HomePageTest -->
      <class name="com.pack.common.tests.EditProfilePageTest">
        <test-method status="PASS" signature="initializeTestBaseSetup(java.lang.String, java.lang.String)[pri:0, instance:com.pack.common.tests.EditProfilePageTest@581ac8a8]" name="initializeTestBaseSetup" is-config="true" duration-ms="4979" started-at="2018-12-12T12:21:57Z" finished-at="2018-12-12T12:22:02Z">
          <params>
            <param index="0">
              <value>
                <![CDATA[edge]]>
              </value>
            </param>
            <param index="1">
              <value>
                <![CDATA[http://newtours.demoaut.com/]]>
              </value>
            </param>
          </params>
          <reporter-output>
          </reporter-output>
        </test-method> <!-- initializeTestBaseSetup -->
        <test-method status="PASS" signature="setUp()[pri:0, instance:com.pack.common.tests.EditProfilePageTest@581ac8a8]" name="setUp" is-config="true" duration-ms="0" started-at="2018-12-12T12:22:02Z" finished-at="2018-12-12T12:22:02Z">
          <reporter-output>
          </reporter-output>
        </test-method> <!-- setUp -->
        <test-method status="FAIL" signature="verifyEditProfile()[pri:0, instance:com.pack.common.tests.EditProfilePageTest@581ac8a8]" name="verifyEditProfile" duration-ms="60765" started-at="2018-12-12T12:22:02Z" description="Verify the Edit Profile Functionality" finished-at="2018-12-12T12:23:03Z">
          <exception class="org.openqa.selenium.NoSuchElementException">
            <message>
              <![CDATA[No such element (WARNING: The server did not provide any stacktrace information)
Command duration or timeout: 30.00 seconds
For documentation on this error, please visit: http://seleniumhq.org/exceptions/no_such_element.html
Build info: version: '3.0.1', revision: '1969d75', time: '2016-10-18 09:49:13 -0700'
System info: host: 'c1ml16461', ip: '172.25.236.215', os.name: 'Windows 10', os.arch: 'amd64', os.version: '10.0', java.version: '1.8.0_181'
Driver info: org.openqa.selenium.edge.EdgeDriver
Capabilities [{applicationCacheEnabled=true, InPrivate=false, pageLoadStrategy=normal, platform=ANY, acceptSslCerts=true, browserVersion=41.16299.785.0, platformVersion=10, locationContextEnabled=true, webStorageEnabled=true, browserName=MicrosoftEdge, takesScreenshot=true, takesElementScreenshot=true, platformName=windows}]
Session ID: 0E84DF6F-CEDE-4DC4-A240-2580A9A2B3F6
*** Element info: {Using=xpath, value=//input[@name='firstName']}]]>
            </message>
            <full-stacktrace>
              <![CDATA[org.openqa.selenium.NoSuchElementException: No such element (WARNING: The server did not provide any stacktrace information)
Command duration or timeout: 30.00 seconds
For documentation on this error, please visit: http://seleniumhq.org/exceptions/no_such_element.html
Build info: version: '3.0.1', revision: '1969d75', time: '2016-10-18 09:49:13 -0700'
System info: host: 'c1ml16461', ip: '172.25.236.215', os.name: 'Windows 10', os.arch: 'amd64', os.version: '10.0', java.version: '1.8.0_181'
Driver info: org.openqa.selenium.edge.EdgeDriver
Capabilities [{applicationCacheEnabled=true, InPrivate=false, pageLoadStrategy=normal, platform=ANY, acceptSslCerts=true, browserVersion=41.16299.785.0, platformVersion=10, locationContextEnabled=true, webStorageEnabled=true, browserName=MicrosoftEdge, takesScreenshot=true, takesElementScreenshot=true, platformName=windows}]
Session ID: 0E84DF6F-CEDE-4DC4-A240-2580A9A2B3F6
*** Element info: {Using=xpath, value=//input[@name='firstName']}
	at sun.reflect.NativeConstructorAccessorImpl.newInstance0(Native Method)
	at sun.reflect.NativeConstructorAccessorImpl.newInstance(NativeConstructorAccessorImpl.java:62)
	at sun.reflect.DelegatingConstructorAccessorImpl.newInstance(DelegatingConstructorAccessorImpl.java:45)
	at java.lang.reflect.Constructor.newInstance(Constructor.java:423)
	at org.openqa.selenium.remote.ErrorHandler.createThrowable(ErrorHandler.java:216)
	at org.openqa.selenium.remote.ErrorHandler.throwIfResponseFailed(ErrorHandler.java:168)
	at org.openqa.selenium.remote.RemoteWebDriver.execute(RemoteWebDriver.java:635)
	at org.openqa.selenium.remote.RemoteWebDriver.findElement(RemoteWebDriver.java:368)
	at org.openqa.selenium.remote.RemoteWebDriver.findElementByXPath(RemoteWebDriver.java:473)
	at org.openqa.selenium.By$ByXPath.findElement(By.java:361)
	at org.openqa.selenium.remote.RemoteWebDriver.findElement(RemoteWebDriver.java:360)
	at com.pack.functionlibrary.FunctionLibrary.setValue(FunctionLibrary.java:133)
	at com.pack.common.pageobjects.EditProfilePage.enterFirstName(EditProfilePage.java:24)
	at com.pack.common.tests.EditProfilePageTest.verifyEditProfile(EditProfilePageTest.java:34)
	at sun.reflect.NativeMethodAccessorImpl.invoke0(Native Method)
	at sun.reflect.NativeMethodAccessorImpl.invoke(NativeMethodAccessorImpl.java:62)
	at sun.reflect.DelegatingMethodAccessorImpl.invoke(DelegatingMethodAccessorImpl.java:43)
	at java.lang.reflect.Method.invoke(Method.java:498)
	at org.testng.internal.MethodInvocationHelper.invokeMethod(MethodInvocationHelper.java:86)
	at org.testng.internal.Invoker.invokeMethod(Invoker.java:643)
	at org.testng.internal.Invoker.invokeTestMethod(Invoker.java:820)
	at org.testng.internal.Invoker.invokeTestMethods(Invoker.java:1128)
	at org.testng.internal.TestMethodWorker.invokeTestMethods(TestMethodWorker.java:129)
	at org.testng.internal.TestMethodWorker.run(TestMethodWorker.java:112)
	at org.testng.TestRunner.privateRun(TestRunner.java:782)
	at org.testng.TestRunner.run(TestRunner.java:632)
	at org.testng.SuiteRunner.runTest(SuiteRunner.java:366)
	at org.testng.SuiteRunner.access$000(SuiteRunner.java:39)
	at org.testng.SuiteRunner$SuiteWorker.run(SuiteRunner.java:400)
	at org.testng.internal.thread.ThreadUtil$2.call(ThreadUtil.java:64)
	at java.util.concurrent.FutureTask.run(FutureTask.java:266)
	at java.util.concurrent.ThreadPoolExecutor.runWorker(ThreadPoolExecutor.java:1149)
	at java.util.concurrent.ThreadPoolExecutor$Worker.run(ThreadPoolExecutor.java:624)
	at java.lang.Thread.run(Thread.java:748)
]]>
            </full-stacktrace>
          </exception> <!-- org.openqa.selenium.NoSuchElementException -->
          <reporter-output>
          </reporter-output>
        </test-method> <!-- verifyEditProfile -->
        <test-method status="PASS" signature="tearDown()[pri:0, instance:com.pack.common.tests.EditProfilePageTest@581ac8a8]" name="tearDown" is-config="true" duration-ms="3234" started-at="2018-12-12T12:23:03Z" finished-at="2018-12-12T12:23:06Z">
          <reporter-output>
          </reporter-output>
        </test-method> <!-- tearDown -->
      </class> <!-- com.pack.common.tests.EditProfilePageTest -->
      <class name="com.pack.common.tests.FlightConfirmationPageTest">
        <test-method status="PASS" signature="initializeTestBaseSetup(java.lang.String, java.lang.String)[pri:0, instance:com.pack.common.tests.FlightConfirmationPageTest@32b260fa]" name="initializeTestBaseSetup" is-config="true" duration-ms="7967" started-at="2018-12-12T12:21:29Z" finished-at="2018-12-12T12:21:36Z">
          <params>
            <param index="0">
              <value>
                <![CDATA[edge]]>
              </value>
            </param>
            <param index="1">
              <value>
                <![CDATA[http://newtours.demoaut.com/]]>
              </value>
            </param>
          </params>
          <reporter-output>
          </reporter-output>
        </test-method> <!-- initializeTestBaseSetup -->
        <test-method status="PASS" signature="setUp()[pri:0, instance:com.pack.common.tests.FlightConfirmationPageTest@32b260fa]" name="setUp" is-config="true" duration-ms="1" started-at="2018-12-12T12:21:36Z" finished-at="2018-12-12T12:21:36Z">
          <reporter-output>
          </reporter-output>
        </test-method> <!-- setUp -->
        <test-method status="PASS" signature="verifyFlightBooking()[pri:0, instance:com.pack.common.tests.FlightConfirmationPageTest@32b260fa]" name="verifyFlightBooking" duration-ms="16971" started-at="2018-12-12T12:21:36Z" description="Verify the Functionality Of Flight Booking" finished-at="2018-12-12T12:21:53Z">
          <reporter-output>
          </reporter-output>
        </test-method> <!-- verifyFlightBooking -->
        <test-method status="PASS" signature="tearDown()[pri:0, instance:com.pack.common.tests.FlightConfirmationPageTest@32b260fa]" name="tearDown" is-config="true" duration-ms="3161" started-at="2018-12-12T12:21:54Z" finished-at="2018-12-12T12:21:57Z">
          <reporter-output>
          </reporter-output>
        </test-method> <!-- tearDown -->
      </class> <!-- com.pack.common.tests.FlightConfirmationPageTest -->
    </test> <!-- edge -->
    <test name="chrome" duration-ms="139743" started-at="2018-12-12T06:51:29Z" finished-at="2018-12-12T06:53:48Z">
      <class name="com.pack.common.tests.RegisterPageTest">
        <test-method status="PASS" signature="initializeTestBaseSetup(java.lang.String, java.lang.String)[pri:0, instance:com.pack.common.tests.RegisterPageTest@10d307f1]" name="initializeTestBaseSetup" is-config="true" duration-ms="6056" started-at="2018-12-12T12:23:29Z" finished-at="2018-12-12T12:23:35Z">
          <params>
            <param index="0">
              <value>
                <![CDATA[chrome]]>
              </value>
            </param>
            <param index="1">
              <value>
                <![CDATA[http://newtours.demoaut.com/]]>
              </value>
            </param>
          </params>
          <reporter-output>
          </reporter-output>
        </test-method> <!-- initializeTestBaseSetup -->
        <test-method status="PASS" signature="verifyRegister()[pri:0, instance:com.pack.common.tests.RegisterPageTest@10d307f1]" name="verifyRegister" duration-ms="11484" started-at="2018-12-12T12:23:35Z" description="Verify the Functionality Of Registration" finished-at="2018-12-12T12:23:47Z">
          <reporter-output>
          </reporter-output>
        </test-method> <!-- verifyRegister -->
        <test-method status="PASS" signature="setUp()[pri:0, instance:com.pack.common.tests.RegisterPageTest@10d307f1]" name="setUp" is-config="true" duration-ms="0" started-at="2018-12-12T12:23:35Z" finished-at="2018-12-12T12:23:35Z">
          <reporter-output>
          </reporter-output>
        </test-method> <!-- setUp -->
        <test-method status="PASS" signature="tearDown()[pri:0, instance:com.pack.common.tests.RegisterPageTest@10d307f1]" name="tearDown" is-config="true" duration-ms="1253" started-at="2018-12-12T12:23:47Z" finished-at="2018-12-12T12:23:48Z">
          <reporter-output>
          </reporter-output>
        </test-method> <!-- tearDown -->
      </class> <!-- com.pack.common.tests.RegisterPageTest -->
      <class name="com.pack.common.tests.HomePageTest">
        <test-method status="PASS" signature="initializeTestBaseSetup(java.lang.String, java.lang.String)[pri:0, instance:com.pack.common.tests.HomePageTest@49c7b90e]" name="initializeTestBaseSetup" is-config="true" duration-ms="7641" started-at="2018-12-12T12:23:10Z" finished-at="2018-12-12T12:23:18Z">
          <params>
            <param index="0">
              <value>
                <![CDATA[chrome]]>
              </value>
            </param>
            <param index="1">
              <value>
                <![CDATA[http://newtours.demoaut.com/]]>
              </value>
            </param>
          </params>
          <reporter-output>
          </reporter-output>
        </test-method> <!-- initializeTestBaseSetup -->
        <test-method status="PASS" signature="setUp()[pri:0, instance:com.pack.common.tests.HomePageTest@49c7b90e]" name="setUp" is-config="true" duration-ms="0" started-at="2018-12-12T12:23:18Z" finished-at="2018-12-12T12:23:18Z">
          <reporter-output>
          </reporter-output>
        </test-method> <!-- setUp -->
        <test-method status="PASS" signature="verifySalonTravel()[pri:0, instance:com.pack.common.tests.HomePageTest@49c7b90e]" name="verifySalonTravel" duration-ms="9592" started-at="2018-12-12T12:23:18Z" description="Salon Travel" finished-at="2018-12-12T12:23:27Z">
          <reporter-output>
          </reporter-output>
        </test-method> <!-- verifySalonTravel -->
        <test-method status="PASS" signature="tearDown()[pri:0, instance:com.pack.common.tests.HomePageTest@49c7b90e]" name="tearDown" is-config="true" duration-ms="1350" started-at="2018-12-12T12:23:28Z" finished-at="2018-12-12T12:23:29Z">
          <reporter-output>
          </reporter-output>
        </test-method> <!-- tearDown -->
      </class> <!-- com.pack.common.tests.HomePageTest -->
      <class name="com.pack.common.tests.EditProfilePageTest">
        <test-method status="PASS" signature="initializeTestBaseSetup(java.lang.String, java.lang.String)[pri:0, instance:com.pack.common.tests.EditProfilePageTest@73700b80]" name="initializeTestBaseSetup" is-config="true" duration-ms="5958" started-at="2018-12-12T12:22:43Z" finished-at="2018-12-12T12:22:49Z">
          <params>
            <param index="0">
              <value>
                <![CDATA[chrome]]>
              </value>
            </param>
            <param index="1">
              <value>
                <![CDATA[http://newtours.demoaut.com/]]>
              </value>
            </param>
          </params>
          <reporter-output>
          </reporter-output>
        </test-method> <!-- initializeTestBaseSetup -->
        <test-method status="PASS" signature="setUp()[pri:0, instance:com.pack.common.tests.EditProfilePageTest@73700b80]" name="setUp" is-config="true" duration-ms="0" started-at="2018-12-12T12:22:49Z" finished-at="2018-12-12T12:22:49Z">
          <reporter-output>
          </reporter-output>
        </test-method> <!-- setUp -->
        <test-method status="PASS" signature="verifyEditProfile()[pri:0, instance:com.pack.common.tests.EditProfilePageTest@73700b80]" name="verifyEditProfile" duration-ms="19030" started-at="2018-12-12T12:22:49Z" description="Verify the Edit Profile Functionality" finished-at="2018-12-12T12:23:08Z">
          <reporter-output>
          </reporter-output>
        </test-method> <!-- verifyEditProfile -->
        <test-method status="PASS" signature="tearDown()[pri:0, instance:com.pack.common.tests.EditProfilePageTest@73700b80]" name="tearDown" is-config="true" duration-ms="1715" started-at="2018-12-12T12:23:08Z" finished-at="2018-12-12T12:23:10Z">
          <reporter-output>
          </reporter-output>
        </test-method> <!-- tearDown -->
      </class> <!-- com.pack.common.tests.EditProfilePageTest -->
      <class name="com.pack.common.tests.FlightConfirmationPageTest">
        <test-method status="PASS" signature="initializeTestBaseSetup(java.lang.String, java.lang.String)[pri:0, instance:com.pack.common.tests.FlightConfirmationPageTest@6f46426d]" name="initializeTestBaseSetup" is-config="true" duration-ms="8915" started-at="2018-12-12T12:21:29Z" finished-at="2018-12-12T12:21:37Z">
          <params>
            <param index="0">
              <value>
                <![CDATA[chrome]]>
              </value>
            </param>
            <param index="1">
              <value>
                <![CDATA[http://newtours.demoaut.com/]]>
              </value>
            </param>
          </params>
          <reporter-output>
          </reporter-output>
        </test-method> <!-- initializeTestBaseSetup -->
        <test-method status="PASS" signature="setUp()[pri:0, instance:com.pack.common.tests.FlightConfirmationPageTest@6f46426d]" name="setUp" is-config="true" duration-ms="0" started-at="2018-12-12T12:21:37Z" finished-at="2018-12-12T12:21:37Z">
          <reporter-output>
          </reporter-output>
        </test-method> <!-- setUp -->
        <test-method status="FAIL" signature="verifyFlightBooking()[pri:0, instance:com.pack.common.tests.FlightConfirmationPageTest@6f46426d]" name="verifyFlightBooking" duration-ms="63440" started-at="2018-12-12T12:21:37Z" description="Verify the Functionality Of Flight Booking" finished-at="2018-12-12T12:22:41Z">
          <exception class="org.openqa.selenium.NoSuchElementException">
            <message>
              <![CDATA[no such element: Unable to locate element: {"method":"xpath","selector":"//select[@name='passCount']"}
  (Session info: chrome=71.0.3578.80)
  (Driver info: chromedriver=2.35.528161 (5b82f2d2aae0ca24b877009200ced9065a772e73),platform=Windows NT 10.0.16299 x86_64) (WARNING: The server did not provide any stacktrace information)
Command duration or timeout: 30.05 seconds
For documentation on this error, please visit: http://seleniumhq.org/exceptions/no_such_element.html
Build info: version: '3.0.1', revision: '1969d75', time: '2016-10-18 09:49:13 -0700'
System info: host: 'c1ml16461', ip: '172.25.236.215', os.name: 'Windows 10', os.arch: 'amd64', os.version: '10.0', java.version: '1.8.0_181'
Driver info: org.openqa.selenium.chrome.ChromeDriver
Capabilities [{applicationCacheEnabled=false, rotatable=false, mobileEmulationEnabled=false, networkConnectionEnabled=false, chrome={chromedriverVersion=2.35.528161 (5b82f2d2aae0ca24b877009200ced9065a772e73), userDataDir=C:\Users\m1048663\AppData\Local\Temp\scoped_dir15292_7937}, takesHeapSnapshot=true, pageLoadStrategy=normal, databaseEnabled=false, handlesAlerts=true, hasTouchScreen=false, version=71.0.3578.80, platform=XP, browserConnectionEnabled=false, nativeEvents=true, acceptSslCerts=false, acceptInsecureCerts=false, locationContextEnabled=true, webStorageEnabled=true, browserName=chrome, takesScreenshot=true, javascriptEnabled=true, cssSelectorsEnabled=true, setWindowRect=true, unexpectedAlertBehaviour=}]
Session ID: 08d6cbbcd4262f8e73d1eae534eaf5a2
*** Element info: {Using=xpath, value=//select[@name='passCount']}]]>
            </message>
            <full-stacktrace>
              <![CDATA[org.openqa.selenium.NoSuchElementException: no such element: Unable to locate element: {"method":"xpath","selector":"//select[@name='passCount']"}
  (Session info: chrome=71.0.3578.80)
  (Driver info: chromedriver=2.35.528161 (5b82f2d2aae0ca24b877009200ced9065a772e73),platform=Windows NT 10.0.16299 x86_64) (WARNING: The server did not provide any stacktrace information)
Command duration or timeout: 30.05 seconds
For documentation on this error, please visit: http://seleniumhq.org/exceptions/no_such_element.html
Build info: version: '3.0.1', revision: '1969d75', time: '2016-10-18 09:49:13 -0700'
System info: host: 'c1ml16461', ip: '172.25.236.215', os.name: 'Windows 10', os.arch: 'amd64', os.version: '10.0', java.version: '1.8.0_181'
Driver info: org.openqa.selenium.chrome.ChromeDriver
Capabilities [{applicationCacheEnabled=false, rotatable=false, mobileEmulationEnabled=false, networkConnectionEnabled=false, chrome={chromedriverVersion=2.35.528161 (5b82f2d2aae0ca24b877009200ced9065a772e73), userDataDir=C:\Users\m1048663\AppData\Local\Temp\scoped_dir15292_7937}, takesHeapSnapshot=true, pageLoadStrategy=normal, databaseEnabled=false, handlesAlerts=true, hasTouchScreen=false, version=71.0.3578.80, platform=XP, browserConnectionEnabled=false, nativeEvents=true, acceptSslCerts=false, acceptInsecureCerts=false, locationContextEnabled=true, webStorageEnabled=true, browserName=chrome, takesScreenshot=true, javascriptEnabled=true, cssSelectorsEnabled=true, setWindowRect=true, unexpectedAlertBehaviour=}]
Session ID: 08d6cbbcd4262f8e73d1eae534eaf5a2
*** Element info: {Using=xpath, value=//select[@name='passCount']}
	at sun.reflect.NativeConstructorAccessorImpl.newInstance0(Native Method)
	at sun.reflect.NativeConstructorAccessorImpl.newInstance(NativeConstructorAccessorImpl.java:62)
	at sun.reflect.DelegatingConstructorAccessorImpl.newInstance(DelegatingConstructorAccessorImpl.java:45)
	at java.lang.reflect.Constructor.newInstance(Constructor.java:423)
	at org.openqa.selenium.remote.ErrorHandler.createThrowable(ErrorHandler.java:216)
	at org.openqa.selenium.remote.ErrorHandler.throwIfResponseFailed(ErrorHandler.java:168)
	at org.openqa.selenium.remote.RemoteWebDriver.execute(RemoteWebDriver.java:635)
	at org.openqa.selenium.remote.RemoteWebDriver.findElement(RemoteWebDriver.java:368)
	at org.openqa.selenium.remote.RemoteWebDriver.findElementByXPath(RemoteWebDriver.java:473)
	at org.openqa.selenium.By$ByXPath.findElement(By.java:361)
	at org.openqa.selenium.remote.RemoteWebDriver.findElement(RemoteWebDriver.java:360)
	at com.pack.functionlibrary.FunctionLibrary.selectDropDown(FunctionLibrary.java:149)
	at com.pack.common.pageobjects.FlightFinderPage.selectPassengers(FlightFinderPage.java:42)
	at com.pack.common.tests.FlightConfirmationPageTest.verifyFlightBooking(FlightConfirmationPageTest.java:36)
	at sun.reflect.NativeMethodAccessorImpl.invoke0(Native Method)
	at sun.reflect.NativeMethodAccessorImpl.invoke(NativeMethodAccessorImpl.java:62)
	at sun.reflect.DelegatingMethodAccessorImpl.invoke(DelegatingMethodAccessorImpl.java:43)
	at java.lang.reflect.Method.invoke(Method.java:498)
	at org.testng.internal.MethodInvocationHelper.invokeMethod(MethodInvocationHelper.java:86)
	at org.testng.internal.Invoker.invokeMethod(Invoker.java:643)
	at org.testng.internal.Invoker.invokeTestMethod(Invoker.java:820)
	at org.testng.internal.Invoker.invokeTestMethods(Invoker.java:1128)
	at org.testng.internal.TestMethodWorker.invokeTestMethods(TestMethodWorker.java:129)
	at org.testng.internal.TestMethodWorker.run(TestMethodWorker.java:112)
	at org.testng.TestRunner.privateRun(TestRunner.java:782)
	at org.testng.TestRunner.run(TestRunner.java:632)
	at org.testng.SuiteRunner.runTest(SuiteRunner.java:366)
	at org.testng.SuiteRunner.access$000(SuiteRunner.java:39)
	at org.testng.SuiteRunner$SuiteWorker.run(SuiteRunner.java:400)
	at org.testng.internal.thread.ThreadUtil$2.call(ThreadUtil.java:64)
	at java.util.concurrent.FutureTask.run(FutureTask.java:266)
	at java.util.concurrent.ThreadPoolExecutor.runWorker(ThreadPoolExecutor.java:1149)
	at java.util.concurrent.ThreadPoolExecutor$Worker.run(ThreadPoolExecutor.java:624)
	at java.lang.Thread.run(Thread.java:748)
]]>
            </full-stacktrace>
          </exception> <!-- org.openqa.selenium.NoSuchElementException -->
          <reporter-output>
          </reporter-output>
        </test-method> <!-- verifyFlightBooking -->
        <test-method status="PASS" signature="tearDown()[pri:0, instance:com.pack.common.tests.FlightConfirmationPageTest@6f46426d]" name="tearDown" is-config="true" duration-ms="1435" started-at="2018-12-12T12:22:41Z" finished-at="2018-12-12T12:22:43Z">
          <reporter-output>
          </reporter-output>
        </test-method> <!-- tearDown -->
      </class> <!-- com.pack.common.tests.FlightConfirmationPageTest -->
    </test> <!-- chrome -->
  </suite> <!-- You Tube -->
</testng-results>
