<?xml version="1.0" encoding="UTF-8"?>
<!-- Generated by org.testng.reporters.JUnitXMLReporter -->
<testsuite hostname="c1ml16461" name="Default test" tests="2" failures="0" timestamp="5 Oct 2018 06:20:32 GMT" time="0.05" errors="0">
  <testcase name="@BeforeMethod initializeTestBaseSetup" time="0.0" classname="com.pack.common.tests.HomePageTest">
    <failure type="org.testng.TestNGException" message="
Parameter &amp;apos;deviceName&amp;apos; is required by @Configuration on method initializeTestBaseSetup but has not been marked @Optional or defined
in C:\Users\m1048663\AppData\Local\Temp\testng-eclipse--1315459105\testng-customsuite.xml">
      <![CDATA[org.testng.TestNGException: 
Parameter 'deviceName' is required by @Configuration on method initializeTestBaseSetup but has not been marked @Optional or defined
in C:\Users\m1048663\AppData\Local\Temp\testng-eclipse--1315459105\testng-customsuite.xml
	at org.testng.internal.Parameters.createParameters(Parameters.java:154)
	at org.testng.internal.Parameters.createParameters(Parameters.java:361)
	at org.testng.internal.Parameters.createConfigurationParameters(Parameters.java:84)
	at org.testng.internal.Invoker.invokeConfigurations(Invoker.java:201)
	at org.testng.internal.Invoker.invokeMethod(Invoker.java:589)
	at org.testng.internal.Invoker.invokeTestMethod(Invoker.java:820)
	at org.testng.internal.Invoker.invokeTestMethods(Invoker.java:1128)
	at org.testng.internal.TestMethodWorker.invokeTestMethods(TestMethodWorker.java:129)
	at org.testng.internal.TestMethodWorker.run(TestMethodWorker.java:112)
	at org.testng.TestRunner.privateRun(TestRunner.java:782)
	at org.testng.TestRunner.run(TestRunner.java:632)
	at org.testng.SuiteRunner.runTest(SuiteRunner.java:366)
	at org.testng.SuiteRunner.runSequentially(SuiteRunner.java:361)
	at org.testng.SuiteRunner.privateRun(SuiteRunner.java:319)
	at org.testng.SuiteRunner.run(SuiteRunner.java:268)
	at org.testng.SuiteRunnerWorker.runSuite(SuiteRunnerWorker.java:52)
	at org.testng.SuiteRunnerWorker.run(SuiteRunnerWorker.java:86)
	at org.testng.TestNG.runSuitesSequentially(TestNG.java:1244)
	at org.testng.TestNG.runSuitesLocally(TestNG.java:1169)
	at org.testng.TestNG.run(TestNG.java:1064)
	at org.testng.remote.AbstractRemoteTestNG.run(AbstractRemoteTestNG.java:114)
	at org.testng.remote.RemoteTestNG.initAndRun(RemoteTestNG.java:251)
	at org.testng.remote.RemoteTestNG.main(RemoteTestNG.java:77)
]]>
    </failure>
  </testcase> <!-- @BeforeMethod initializeTestBaseSetup -->
  <testcase name="@AfterMethod tearDown" time="0.0" classname="com.pack.common.tests.HomePageTest">
    <skipped/>
  </testcase> <!-- @AfterMethod tearDown -->
  <testcase name="@BeforeMethod initializeTestBaseSetup" time="0.0" classname="com.pack.common.tests.HomePageTest">
    <skipped/>
  </testcase> <!-- @BeforeMethod initializeTestBaseSetup -->
  <testcase name="@AfterMethod tearDown" time="0.0" classname="com.pack.common.tests.HomePageTest">
    <skipped/>
  </testcase> <!-- @AfterMethod tearDown -->
  <testcase name="verifyComposeAndSendMailFunction" time="0.009" classname="com.pack.common.tests.HomePageTest">
    <skipped/>
  </testcase> <!-- verifyComposeAndSendMailFunction -->
  <testcase name="verifyReadMailFunction" time="0.001" classname="com.pack.common.tests.HomePageTest">
    <skipped/>
  </testcase> <!-- verifyReadMailFunction -->
</testsuite> <!-- Default test -->
