<?xml version="1.0" encoding="UTF-8"?>
<testng-results skipped="0" failed="1" ignored="5" total="6" passed="0">
  <reporter-output>
  </reporter-output>
  <suite name="UAM" duration-ms="138434" started-at="2019-09-25T10:14:22Z" finished-at="2019-09-25T10:16:40Z">
    <groups>
      <group name="sanity">
        <method signature="ManageCustomerUserTest.verify_search_customer_user(org.testng.ITestContext)[pri:0, instance:com.shell.markethub.uam.tests.ManageCustomerUserTest@1515f782]" name="verify_search_customer_user" class="com.shell.markethub.uam.tests.ManageCustomerUserTest"/>
      </group> <!-- sanity -->
    </groups>
    <test name="firefox" duration-ms="138434" started-at="2019-09-25T10:14:22Z" finished-at="2019-09-25T10:16:40Z">
      <class name="com.shell.markethub.uam.tests.ManageCustomerUserTest">
        <test-method status="PASS" signature="initializeTestBaseSetup(java.lang.String, java.lang.String, java.lang.String, java.lang.String, java.lang.String, org.testng.ITestContext, java.lang.reflect.Method)[pri:0, instance:com.shell.markethub.uam.tests.ManageCustomerUserTest@1515f782]" name="initializeTestBaseSetup" is-config="true" duration-ms="9746" started-at="2019-09-25T15:44:22Z" finished-at="2019-09-25T15:44:32Z">
          <params>
            <param index="0">
              <value>
                <![CDATA[firefox]]>
              </value>
            </param>
            <param index="1">
              <value>
                <![CDATA[uam]]>
              </value>
            </param>
            <param index="2">
              <value>
                <![CDATA[NA]]>
              </value>
            </param>
            <param index="3">
              <value>
                <![CDATA[NA]]>
              </value>
            </param>
            <param index="4">
              <value>
                <![CDATA[NA]]>
              </value>
            </param>
            <param index="5">
              <value>
                <![CDATA[org.testng.TestRunner@6ab0e763]]>
              </value>
            </param>
            <param index="6">
              <value>
                <![CDATA[public void com.shell.markethub.uam.tests.ManageCustomerUserTest.verify_search_customer_user(org.testng.ITestContext) throws java.lang.Exception]]>
              </value>
            </param>
          </params>
          <reporter-output>
          </reporter-output>
        </test-method> <!-- initializeTestBaseSetup -->
        <test-method status="PASS" signature="setUp()[pri:0, instance:com.shell.markethub.uam.tests.ManageCustomerUserTest@1515f782]" name="setUp" is-config="true" duration-ms="16" started-at="2019-09-25T15:44:32Z" finished-at="2019-09-25T15:44:32Z">
          <reporter-output>
          </reporter-output>
        </test-method> <!-- setUp -->
        <test-method status="FAIL" signature="verify_search_customer_user(org.testng.ITestContext)[pri:0, instance:com.shell.markethub.uam.tests.ManageCustomerUserTest@1515f782]" name="verify_search_customer_user" duration-ms="125943" started-at="2019-09-25T15:44:32Z" finished-at="2019-09-25T15:46:38Z">
          <params>
            <param index="0">
              <value>
                <![CDATA[org.testng.TestRunner@6ab0e763]]>
              </value>
            </param>
          </params>
          <exception class="java.lang.AssertionError">
            <message>
              <![CDATA[The following assertions failed:
	FAILED - Search Customer User Title is displaying expected [true] but found [false],
	FAILED - User List Table is displaying expected [true] but found [false]]]>
            </message>
            <full-stacktrace>
              <![CDATA[java.lang.AssertionError: The following assertions failed:
	FAILED - Search Customer User Title is displaying expected [true] but found [false],
	FAILED - User List Table is displaying expected [true] but found [false]
	at com.shell.markethub.base.util.Assertions.assertAll(Assertions.java:64)
	at com.shell.markethub.base.util.BaseTest.assertAll(BaseTest.java:182)
	at com.shell.markethub.uam.tests.ManageCustomerUserTest.verify_search_customer_user(ManageCustomerUserTest.java:42)
	at sun.reflect.NativeMethodAccessorImpl.invoke0(Native Method)
	at sun.reflect.NativeMethodAccessorImpl.invoke(NativeMethodAccessorImpl.java:62)
	at sun.reflect.DelegatingMethodAccessorImpl.invoke(DelegatingMethodAccessorImpl.java:43)
	at java.lang.reflect.Method.invoke(Method.java:498)
	at org.testng.internal.MethodInvocationHelper.invokeMethod(MethodInvocationHelper.java:104)
	at org.testng.internal.Invoker.invokeMethod(Invoker.java:645)
	at org.testng.internal.Invoker.invokeTestMethod(Invoker.java:851)
	at org.testng.internal.Invoker.invokeTestMethods(Invoker.java:1177)
	at org.testng.internal.TestMethodWorker.invokeTestMethods(TestMethodWorker.java:129)
	at org.testng.internal.TestMethodWorker.run(TestMethodWorker.java:112)
	at org.testng.TestRunner.privateRun(TestRunner.java:756)
	at org.testng.TestRunner.run(TestRunner.java:610)
	at org.testng.SuiteRunner.runTest(SuiteRunner.java:387)
	at org.testng.SuiteRunner.access$000(SuiteRunner.java:39)
	at org.testng.SuiteRunner$SuiteWorker.run(SuiteRunner.java:421)
	at org.testng.internal.thread.ThreadUtil$2.call(ThreadUtil.java:64)
	at java.util.concurrent.FutureTask.run(FutureTask.java:266)
	at java.util.concurrent.ThreadPoolExecutor.runWorker(ThreadPoolExecutor.java:1149)
	at java.util.concurrent.ThreadPoolExecutor$Worker.run(ThreadPoolExecutor.java:624)
	at java.lang.Thread.run(Thread.java:748)
]]>
            </full-stacktrace>
          </exception> <!-- java.lang.AssertionError -->
          <reporter-output>
          </reporter-output>
        </test-method> <!-- verify_search_customer_user -->
        <test-method status="PASS" signature="tearDown()[pri:0, instance:com.shell.markethub.uam.tests.ManageCustomerUserTest@1515f782]" name="tearDown" is-config="true" duration-ms="2260" started-at="2019-09-25T15:46:38Z" finished-at="2019-09-25T15:46:40Z">
          <reporter-output>
          </reporter-output>
        </test-method> <!-- tearDown -->
      </class> <!-- com.shell.markethub.uam.tests.ManageCustomerUserTest -->
    </test> <!-- firefox -->
  </suite> <!-- UAM -->
</testng-results>
