<?xml version="1.0" encoding="UTF-8"?>
<!-- Generated by org.testng.reporters.JUnitXMLReporter -->
<testsuite hostname="BNGECO-L-89144" ignored="2" name="ce12182c25f5808f0b7e" tests="1" failures="0" timestamp="13 Aug 2019 05:43:32 GMT" time="0.165" errors="0">
  <testcase name="@BeforeMethod initializeTestBaseSetup" time="0.142" classname="com.shell.markethub.base.util.BaseTest">
    <failure type="java.lang.NoSuchMethodError" message="org.openqa.selenium.json.JsonOutput.write(Ljava/lang/Object;)Lorg/openqa/selenium/json/JsonOutput;">
      <![CDATA[java.lang.NoSuchMethodError: org.openqa.selenium.json.JsonOutput.write(Ljava/lang/Object;)Lorg/openqa/selenium/json/JsonOutput;
at io.appium.java_client.remote.NewAppiumSessionPayload.writeTo(NewAppiumSessionPayload.java:265)
at io.appium.java_client.remote.AppiumCommandExecutor$1.createSession(AppiumCommandExecutor.java:162)
at io.appium.java_client.remote.AppiumCommandExecutor.createSession(AppiumCommandExecutor.java:196)
at io.appium.java_client.remote.AppiumCommandExecutor.execute(AppiumCommandExecutor.java:218)
at org.openqa.selenium.remote.RemoteWebDriver.execute(RemoteWebDriver.java:545)
at io.appium.java_client.DefaultGenericMobileDriver.execute(DefaultGenericMobileDriver.java:42)
at io.appium.java_client.AppiumDriver.execute(AppiumDriver.java:1)
at io.appium.java_client.android.AndroidDriver.execute(AndroidDriver.java:1)
at org.openqa.selenium.remote.RemoteWebDriver.startSession(RemoteWebDriver.java:209)
at org.openqa.selenium.remote.RemoteWebDriver.<init>(RemoteWebDriver.java:132)
at io.appium.java_client.DefaultGenericMobileDriver.<init>(DefaultGenericMobileDriver.java:38)
at io.appium.java_client.AppiumDriver.<init>(AppiumDriver.java:84)
at io.appium.java_client.AppiumDriver.<init>(AppiumDriver.java:94)
at io.appium.java_client.android.AndroidDriver.<init>(AndroidDriver.java:88)
at com.shell.markethub.base.util.Driver.setDriver(Driver.java:78)
at com.shell.markethub.base.util.BaseTest.initializeTestBaseSetup(BaseTest.java:63)
at com.shell.markethub.base.util.BaseSetup.beforeSuite(BaseSetup.java:262)
at com.shell.markethub.uam.tests.UAMBaseTest.beforeSuite(UAMBaseTest.java:53)
Suppressed: java.io.IOException: Incomplete document
at com.google.gson.stream.JsonWriter.close(JsonWriter.java:559)
at org.openqa.selenium.json.JsonOutput.close(JsonOutput.java:39)
at io.appium.java_client.remote.NewAppiumSessionPayload.writeTo(NewAppiumSessionPayload.java:288)
... 67 more
... Removed 50 stack frames]]>
    </failure>
  </testcase> <!-- @BeforeMethod initializeTestBaseSetup -->
  <testcase name="@BeforeMethod setUp" time="0.0" classname="com.shell.markethub.uam.tests.UserRegistrationTest">
    <skipped/>
  </testcase> <!-- @BeforeMethod setUp -->
  <testcase name="@AfterMethod tearDown" time="0.0" classname="com.shell.markethub.base.util.BaseTest">
    <skipped/>
  </testcase> <!-- @AfterMethod tearDown -->
  <testcase name="verify_impersonate_customer_user" time="0.0" classname="com.shell.markethub.uam.tests.UserRegistrationTest">
    <skipped/>
  </testcase> <!-- verify_impersonate_customer_user -->
  <testcase name="verify_search_customer_user" time="0.0" classname="com.shell.markethub.uam.tests.UserRegistrationTest">
    <ignored/>
  </testcase> <!-- verify_search_customer_user -->
  <testcase name="beforeSuite" time="0.0" classname="com.shell.markethub.uam.tests.UAMBaseTest">
    <ignored/>
  </testcase> <!-- beforeSuite -->
</testsuite> <!-- ce12182c25f5808f0b7e -->
